<?xml version="1.0" encoding="UTF-8"?>
<!-- Generated by org.testng.reporters.JUnitXMLReporter -->
<testsuite hostname="Ammar" ignored="2" name="Default test" tests="1" failures="0" timestamp="2021-05-19T13:36:06 EDT" time="20.162" errors="0">
  <testcase name="testLogin" time="5.075" classname="com.qa.ispeakbetter.tests.LoginPageTest"/>
  <testcase name="filexiblePackage" time="0.0" classname="com.qa.ispeakbetter.tests.LoginPageTest">
    <ignored/>
  </testcase> <!-- filexiblePackage -->
  <testcase name="testPageTitle" time="0.0" classname="com.qa.ispeakbetter.tests.LoginPageTest">
    <ignored/>
  </testcase> <!-- testPageTitle -->
</testsuite> <!-- Default test -->
