<?xml version="1.0" encoding="UTF-8"?>
<!-- Generated by org.testng.reporters.JUnitXMLReporter -->
<testsuite hostname="Ammar" ignored="1" name="Test" tests="2" failures="0" timestamp="2021-04-23T11:41:34 EDT" time="28.206" errors="0">
  <testcase name="testPageTitle" time="0.055" classname="com.qa.ispeakbetter.tests.LoginPageTest"/>
  <testcase name="testLogin" time="4.688" classname="com.qa.ispeakbetter.tests.LoginPageTest"/>
  <testcase name="filexiblePackage" time="0.0" classname="com.qa.ispeakbetter.tests.LoginPageTest">
    <ignored/>
  </testcase> <!-- filexiblePackage -->
</testsuite> <!-- Test -->
