<?xml version="1.0" encoding="UTF-8"?>
<!-- Generated by org.testng.reporters.JUnitXMLReporter -->
<testsuite hostname="Ammar" ignored="0" name="Command line test" tests="3" failures="0" timestamp="2021-05-19T13:42:24 EDT" time="45.564" errors="0">
  <testcase name="testPageTitle" time="0.037" classname="com.qa.ispeakbetter.tests.LoginPageTest"/>
  <testcase name="testLogin" time="4.784" classname="com.qa.ispeakbetter.tests.LoginPageTest"/>
  <testcase name="filexiblePackage" time="1.778" classname="com.qa.ispeakbetter.tests.LoginPageTest"/>
</testsuite> <!-- Command line test -->
