<?xml version="1.0" encoding="UTF-8"?>
<testng-results skipped="0" failed="0" ignored="2" total="3" passed="1">
  <reporter-output>
  </reporter-output>
  <suite name="Default suite" duration-ms="20162" started-at="2021-05-19T13:35:46 EDT" finished-at="2021-05-19T13:36:06 EDT">
    <groups>
    </groups>
    <test name="Default test" duration-ms="20162" started-at="2021-05-19T13:35:46 EDT" finished-at="2021-05-19T13:36:06 EDT">
      <class name="com.qa.ispeakbetter.tests.LoginPageTest">
        <test-method status="PASS" signature="setUp()[pri:0, instance:com.qa.ispeakbetter.tests.LoginPageTest@1e965684]" name="setUp" is-config="true" duration-ms="14705" started-at="2021-05-19T13:35:46 EDT" finished-at="2021-05-19T13:36:01 EDT">
          <reporter-output>
          </reporter-output>
        </test-method> <!-- setUp -->
        <test-method status="PASS" signature="testLogin()[pri:2, instance:com.qa.ispeakbetter.tests.LoginPageTest@1e965684]" name="testLogin" duration-ms="5075" started-at="2021-05-19T13:36:01 EDT" description="Login System in I Speak Better" finished-at="2021-05-19T13:36:06 EDT">
          <reporter-output>
          </reporter-output>
        </test-method> <!-- testLogin -->
        <test-method status="PASS" signature="tearDown()[pri:0, instance:com.qa.ispeakbetter.tests.LoginPageTest@1e965684]" name="tearDown" is-config="true" duration-ms="300" started-at="2021-05-19T13:36:06 EDT" finished-at="2021-05-19T13:36:06 EDT">
          <reporter-output>
          </reporter-output>
        </test-method> <!-- tearDown -->
      </class> <!-- com.qa.ispeakbetter.tests.LoginPageTest -->
    </test> <!-- Default test -->
  </suite> <!-- Default suite -->
</testng-results>
